2025/07/30 15:34:16 INFO Starting module module=failing
2025/07/30 15:34:16 INFO Stopping module module=failing
2025/07/30 15:34:16 ERROR Error stopping module module=failing error="module stop failed"

ðŸ” ==> DEBUG: All Module Interface Implementations <==
ðŸ” Debugging module 'problematic' (type: *modular.ProblematicModule)
   Memory address: 0xc000580228
   âœ… ServiceAware
   âœ… Startable
   âœ… Stoppable
   âœ… Constructable
   âœ… Module
   âŒ Configurable
   âŒ DependencyAware
   ðŸ“¦ Provides 0 services, Requires 0 services
   ðŸ—ï¸  Has constructor - this module may be replaced during injection!

ðŸ” Debugging module 'correct' (type: *modular.CorrectModule)
   Memory address: 0xc000580240
   âŒ DependencyAware
   âœ… ServiceAware
   âœ… Startable
   âœ… Stoppable
   âœ… Constructable
   âœ… Module
   âŒ Configurable
   ðŸ“¦ Provides 0 services, Requires 0 services
   ðŸ—ï¸  Has constructor - this module may be replaced during injection!


ðŸ” ==> DEBUG: All Module Interface Implementations <==
ðŸ” Debugging module 'correct' (type: *modular.CorrectModule)
   Memory address: 0xc000580348
   âŒ DependencyAware
   âœ… ServiceAware
   âœ… Startable
   âœ… Stoppable
   âœ… Constructable
   âœ… Module
   âŒ Configurable
   ðŸ“¦ Provides 0 services, Requires 0 services
   ðŸ—ï¸  Has constructor - this module may be replaced during injection!

ðŸ” Debugging module 'problematic' (type: *modular.BrokenModuleImplementation)
   Memory address: 0xc00034dca0
   âœ… Module
   âŒ Configurable
   âŒ DependencyAware
   âŒ ServiceAware
   âŒ Startable
   âŒ Stoppable
   âŒ Constructable

--- FAIL: TestModuleAwareEnvironmentVariableSearching (0.00s)
    --- FAIL: TestModuleAwareEnvironmentVariableSearching/reverseproxy_module_env_var_priority (0.00s)
        --- FAIL: TestModuleAwareEnvironmentVariableSearching/reverseproxy_module_env_var_priority/multiple_fields_with_mixed_env_vars (0.00s)
            module_aware_env_config_test.go:192: 
                	Error Trace:	/home/runner/work/modular/modular/module_aware_env_config_test.go:192
                	Error:      	Not equal: 
                	            	expected: "backend.example.com"
                	            	actual  : "http://reverseproxy.example.com"
                	            	
                	            	Diff:
                	            	--- Expected
                	            	+++ Actual
                	            	@@ -1 +1 @@
                	            	-backend.example.com
                	            	+http://reverseproxy.example.com
                	Test:       	TestModuleAwareEnvironmentVariableSearching/reverseproxy_module_env_var_priority/multiple_fields_with_mixed_env_vars
            module_aware_env_config_test.go:193: 
                	Error Trace:	/home/runner/work/modular/modular/module_aware_env_config_test.go:193
                	Error:      	Not equal: 
                	            	expected: 5000
                	            	actual  : 60
                	Test:       	TestModuleAwareEnvironmentVariableSearching/reverseproxy_module_env_var_priority/multiple_fields_with_mixed_env_vars
2025/07/30 15:34:16 INFO Loading tenant configurations from files directory=/this/directory/should/not/exist pattern=^tenant\d+\.json$
2025/07/30 15:34:16 ERROR Tenant config directory does not exist directory=/this/directory/should/not/exist
2025/07/30 15:34:16 ERROR Failed to load tenant configurations error="tenant config directory does not exist: stat /this/directory/should/not/exist: no such file or directory"
FAIL
FAIL	github.com/CrisisTextLine/modular	0.039s
ok  	github.com/CrisisTextLine/modular/feeders	(cached)
FAIL
